[    0.000000] Initializing cgroup subsys cpuset
[    0.000000] Initializing cgroup subsys cpu
[    0.000000] Initializing cgroup subsys cpuacct
[    0.000000] Linux version4.4.0-142-generic (buildd@lgw01-amd64-03 (gcc version 5.4.0 201606609 (Ubuntu 5.4.0-6ubuntu1~16.04.10) ) #168-Ubuntu SMP Wed Jan 16 21:00:45 UTC 201(Ubuntu 4.4.0-142.168-generic 4.4.167)
[    0.000000] Comma line: BOT_IMAGE=/bo/vmlinuz-4.4.0-142-generic root=LABEL=cloudimg-rootfs ro console=tty1 consoletyS0
[    0.000000] KERNEL supported cpus:
[   0.0000]   Intel GenuineIntel
[    0.000000]   AMD AuthenticAMD
[    0.000000]   Centar CeauHauls
[    0.000000] x86/fpu: xstate_offset[2]:  576, xstate_sizes[2]:  256
[    0.000000] x86/fpu: Supporting XSAVE feature 01: 'x87 floating point registers'
[    0.000000] x86/fpu: Supporting XSAVE feature 0x02: 'SSE registers'
[    0.000000] x86/fpu:upporting XSAVE feature 0x04: 'AVX egisters'
[    0.000000] x86/fpu: Enabled xstate featus 0x7, context size is 832 byes, using 'standard' format.
    0.000000] e820: BIOS-provided physical RAM ma:
[    0.000000] BIOS-e820: [mem 0x0000000000000000-0x000000000009fbffusable
[    0.000000] BIOS-e820: [mem 0x000000000009fc00-0x0000000009ffff] eserved
[    0.000000] BIOS-e820: [mm 00000000000f0000-0x0000000000fffff] reseed
[    0.000000] BIOS-e820: [mem 0x0000000000100000-0x000000007ffefff] usable
[    0.0000] BIOS-e820: [mem 0x00000007fff0000-0x000000007fffffff] ACPI data
[    0.000000] BIOS-e820: [mem 00000000fec00000-0x00000000fec00fff] reserved
[    0.000000] BIOS-e820: [mem 0x00000000fee00000-0x0000000fee00fff] reserved
[   0.000000] BIOS-e820: [mem 0x00000000fffc0000x00000000ffffffff] served
[   0.000000] NX (ExecutDisable) protection: active
[    0.000000] SMBIOS 2.5 preent.
[    0.000000] Hyprvisor detected: KVM
[    0.000000] e20: last_pfn = 0x7fff0 max_arch_pfn = 0x400000000
[    0.000000] MTRR: Disabled
   0.000000] x86/PAT: MTRRs disabled, skippng PAT initialization too.
[    0.0000] CPU MTRRs all blank - virtualized system.
[    0.000000] x86/PAT: Configuration [0-7]: WB  WT  UC- UC  WB  WT C- UC  
[    0.000000] found SMP MP-table at [mem 0x0009fff0-0x0009ffff] mapped a[ffff8800009fff0]
[    0.000000] Scanning 1 areas for low memory corruption
[    0.000000] RDISK: [mem 0x363080-0x3717bfff]
[    0.00000] ACPI: Early table checksum verification dsabl
[    0.000000] ACPI: RSDP 0x00000000000E0000 000024 (v02 VBO  )
[    0.000000] ACPI: XSD0x000000007FFF0030 00003C (v01 VBOX   VBOXXSDT 00000001 ASL  00000061)
[    0.000000] ACPI: FACP 0x000000007FFF00F0 0000F4 (v04 VBOX   VBOXFACP 00000001 ASL  00000061)
[    0.000000] ACPI: DSDT 0x000000007FFF0470 0021FF (v02 VBOX   VBOXBIOS 00000002 INTL 200528)
[    0.000000] ACPI: FACS 0x000000007FFF0200 000040
[    0.000000] PI: FACS 0x000000007FFF0200 000040
[    0.000000] ACPI: APIC 0x000000007FFF0240 00005C (v02 VBOX   VBOXAPIC 00000001 ASL  00000061)
[    0.000000] ACPI: SSDT 0x000000007FFF02A0 0001CC (v01 VBOX   VBOXCPUT 00000002 INTL 20100528)
[    0.000000] No NUMA configuration found
[    0.000000] Faking a node at [mem 0x000000000000000-000000007ffeffff]
[    0.000000] NODE_DATA(0) allocated [mem 0x7ffeb000-0x7ffefff]
[  0.000000] kvm-clock: Using ms 4b564d01 and 4b564d00
[    0.000000] kvm-clock: cpu 0, msr 0:7ffe31, primary cu clock
[    0.000000] kvm-clock: using sched offset of 4242202817 cycles
[    0.000000] clocksource: kvm-clock: mask: 0xffffffffffffffff max_cycles0x1cd42e4dffb, max_idle_ns: 88159059148 ns
[    0.000000] Zone ranges:
[    0.000000]   DMA      [mem 0x0000000000001000-0x0000000000ffffff]
[    0.000000]   DMA32    [mem 0x0000000001000000-0x000000007ffeffff]
[    0.000000]   Normal   empty
[    0.000000]   Device   empy
[    0.000000]ovabe zone start for each node
[    0.000000] Early memory node ranges
[    0.0000]   node   0: [mem 0x0000000000001000-0x000000000009efff]
[    0.000000]   de   0: [mem 0x0000000000100000-0x000000007ffeffff]
[    0.000000] Initmemsetupode 0 [mem 0x0000000000001000-0x00000007ffeffff]
[    000000] ACPI: PM-Timer IO Port: 0x4008
[    0.000000] IOAPIC[0]: apic_id 2, version 32, address 0xfec00000, GSI 0-23
[    0.000000] ACPI: INT_SRC_OVR (bus 0 bus_irq 0 global_irq 2 fl dfl)
[    0.00000 ACPI: INT_SRC_OVR (bus 0 bus_irq 9 global_irq 9 low lel)
[    0.000000] Using ACPI (MADT) for SMP configuration information
[  0.000000] smpoo Allowing 2 CPUs, 0 hotplug CPUs
[    0.000000] PM: Registered nose memory: [mem 0x000000-0x00000fff]
[    0.000000] PM:Registered nosave memory: [mem 0x0009f000x0009ffff]
[    0.000000] PM: Registered nosave memory: [mem 0x0a0000-0x000effff]
[    0.000000] PM: Registered nosave memory: [mem 0x000f0000-0x000fffff]
[    0.000000] e820: [mem 0x800000-0xfebfffff] available for PCI devices
[    0.000000] Booting paravirtualized kernel on KVM
[    0.000000] clocksource: refined-jiffies: mask: 0xffffffff maxycles: 0xffffffff, max_idle_ns: 7645519600211568 ns
[    0.000000] setup_percpu: NR_CPUS:512 nr_cpumask_bits12 nr_cpu_ids:2 nr_node_ids
[    0.000000] PERCU: Embedded 34 pages/cpu @ffff88007fc00000 s99480 192 d31592 u1048576
[    0.000000] Built 1 zolists in Node rder, mobility grouping on.  Total pages: 515960
[    0.000000] Polic zone: DMA32
[    0.000000] Kernel command line BOOT_IMAGE=/boot/vmlinuz-4.4.0-142-generic root=LABEL=cloudimg-rootfs ro console=tty1 consoletyS0
[    0.000000] PID hash table entries: 4096 (order: 3, 32768 bytes)[    0.000000] Memory: 2029924K/2096696K available (03K kernel code, 1332K rwdata, 4004K rodata, 1484K init, 1316K bss, 66772K reserved, 0K cma-reserved)
[    0.000000] SLUB: HWalign=64, Order=0-3, MinObjects=0, CPUs=2, Nodes=1[    0.000000] Kernel/User page tables isolation: enaed
[    0.000000] Hierarchical RCU implementation.
[    0.000000] 	Build-time adjustment of leaf fanout to 64.
[    0.000000] 	RCU restricting CPUs from NR_CPUS=512 to nr_pu_idss=2.
[    0.000000] RCU: Adjusting geometry for rcu_fanout_leaf=64, nr_cpu_ids=2
[    0.000000] NR_IRQS:33024 nr_irqs:4416
[    0.000000] Console: colour VGA+ 80x25
[    0.000000] console [tty1] enabled
[  0.000000] consol [ttyS0] enabled
[    0.0000] tsc: Detected 2903.996 MHz processor
[    4.042794] Calibrating delay loop (skipped) preset value.. 5807.99 BogoMIPS (lpj=11615984)
[    4.074584] pid_max: default: 32768 minimum: 301
[    4.082626] ACPI: Core revision 20150930
[    4.092736] ACPI: 2 ACPI AML tables successfully acquired and loaded
[    4.111739] Security Framework initialized
[    4.112792] Yama: becoming mindful.
[    4.128519] AppArmor: AppArmor initialized
[    4.144726] Dentry cache hash table entries: 262144 (order: 9, 2097152 bytes)
[    4.160499] Inode-cache hash table entries: 131072 (order: 8, 1048576 bytes)
[    4.170563] Mount-cache hash table entries: 4096 (order: 3, 32768 bytes)
[    4.173445] Mountpoint-cache hash table entries: 4096 (order: 3, 32768 bytes)
[    4.211733] Initializing cgroup subsys io
[    4.221983] Initializing cgroup subsys memory
[    4.223251] Initializing cgroup subsys devices
[    4.244804] Initializing cgroup subsys freezer
[    4.259445] Initializing cgroup subsys net_cls
[    4.267010] Initializing cgroup subsys perf_event
[    4.315912] Initializing cgroup subsys net_prio
[    4.338220] Initializing cgroup subsys hugetlb
[    4.349736] Initializing cgroup subsys pids
[    4.352579] mce: CPU supports 0 MCE banks
[    4.353781] Last level iTLB entries: 4KB 64, 2MB 8, 4MB 8
[    4.361475] Last level dTLB entries: 4KB 64, 2MB 0, 4MB 0, 1GB 4
[    4.369697] Spectre V2 : Mitigation: Full generic retpoline
[    4.387049] Spectre V2 : Spectre v2 / SpectreRSB mitigation: Filling RSB on context switch
[    4.419060] Speculative Store Bypass: Vulnerable
[    4.424103] Freeing SMP alternatives memory: 32K
[    4.460862] ftrace: allocating 32277 entries in 127 pages
[    4.547953] smpboot: APIC(0) Converting physical 0 to logical package 0
[    4.556316] smpboot: Max logical packages: 1
[    4.591546] x2apic enabled
[    4.592861] Switched APIC routing to physical x2apic.
[    4.596292] ..TIMER: vector=0x30 apic1=0 pin1=2 apic2=-1 pin2=-1
[    4.766460] smpboot: CPU0: Intel(R) Core(TM) i7-7500U CPU @ 2.70GHz (family: 0x6, model: 0x8e, stepping: 0x9)
[    4.812453] Performance Events: unsupported p6 CPU model 142 no PMU driver, software events only.
[    4.857337] KVM setup paravirtual spinlock
[    4.880505] x86: Booting SMP configuration:
[    4.901854] .... node  #0, CPUs:      #1
[    4.902969] kvm-clock: cpu 1, msr 0:7ffe3041, secondary cpu clock
[    4.954770] mce: CPU supports 0 MCE banks
[    4.977095] x86: Booted up 1 node, 2 CPUs
[    4.994559] smpboot: Total of 2 processors activated (11615.98 BogoMIPS)
[    5.016049] devtmpfs: initialized
[    5.019504] evm: security.selinux
[    5.035238] evm: security.SMACK64
[    5.036571] evm: security.SMACK64EXEC
[    5.037648] evm: security.SMACK64TRANSMUTE
[    5.038813] evm: security.SMACK64MMAP
[    5.040057] evm: security.ima
[    5.061874] evm: security.capability
[    5.063257] clocksource: jiffies: mask: 0xffffffff max_cycles: 0xffffffff, max_idle_ns: 7645041785100000 ns
[    5.073940] futex hash table entries: 512 (order: 3, 32768 bytes)
[    5.089779] pinctrl core: initialized pinctrl subsystem
[    5.118412] RTC time: 14:01:25, date: 04/23/19
[    5.120030] NET: Registered protocol family 16
[    5.169230] cpuidle: using governor ladder
[    5.184870] cpuidle: using governor menu
[    5.218632] PCCT header not found.
[    5.219871] ACPI: bus type PCI registered
[    5.255814] acpiphp: ACPI Hot Plug PCI Controller Driver version: 0.5
[    5.271855] PCI: Using configuration type 1 for base access
[    5.294034] ACPI: Added _OSI(Module Device)
[    5.295308] ACPI: Added _OSI(Processor Device)
[    5.303515] ACPI: Added _OSI(3.0 _SCP Extensions)
[    5.331229] ACPI: Added _OSI(Processor Aggregator Device)
[    5.353196] ACPI: Executed 1 blocks of module-level executable AML code
[    5.399816] ACPI: Interpreter enabled
[    5.421053] ACPI: (supports S0 S5)
[    5.453883] ACPI: Using IOAPIC for interrupt routing
[    5.469295] PCI: Using host bridge windows from ACPI; if necessary, use "pci=nocrs" and report a bug
[    5.497104] ACPI: PCI Root Bridge [PCI0] (domain 0000 [bus 00-ff])
[    5.519456] acpi PNP0A03:00: _OSC: OS supports [ASPM ClockPM Segments MSI]
[    5.537298] acpi PNP0A03:00: _OSC: not requesting OS control; OS requires [ExtendedConfig ASPM ClockPM MSI]
[    5.561960] acpi PNP0A03:00: fail to add MMCONFIG information, can't access extended PCI configuration space under this bridge.
[    5.623666] PCI host bridge to bus 0000:00
[    5.638680] pci_bus 0000:00: root bus resource [io  0x0000-0x0cf7 window]
[    5.687521] pci_bus 0000:00: root bus resource [io  0x0d00-0xffff window]
[    5.709369] pci_bus 0000:00: root bus resource [mem 0x000a0000-0x000bffff window]
[    5.796811] pci_bus 0000:00: root bus resource [mem 0x80000000-0xfdffffff window]
[    5.806700] pci_bus 0000:00: root bus resource [bus 00-ff]
[    5.818437] pci 0000:00:01.1: legacy IDE quirk: reg 0x10: [io  0x01f0-0x01f7]
[    5.820074] pci 0000:00:01.1: legacy IDE quirk: reg 0x14: [io  0x03f6]
[    5.822259] pci 0000:00:01.1: legacy IDE quirk: reg 0x18: [io  0x0170-0x0177]
[    5.825302] pci 0000:00:01.1: legacy IDE quirk: reg 0x1c: [io  0x0376]
[    5.927870] pci 0000:00:07.0: quirk: [io  0x4000-0x403f] claimed by PIIX4 ACPI
[    5.977970] pci 0000:00:07.0: quirk: [io  0x4100-0x410f] claimed by PIIX4 SMB
[    6.019082] ACPI: PCI Interrupt Link [LNKA] (IRQs 5 9 10 *11)
[    6.020869] ACPI: PCI Interrupt Link [LNKB] (IRQs 5 9 *10 11)
[    6.036472] ACPI: PCI Interrupt Link [LNKC] (IRQs 5 *9 10 11)
[    6.039236] ACPI: PCI Interrupt Link [LNKD] (IRQs 5 9 10 *11)
[    6.055714] ACPI: Enabled 2 GPEs in block 00 to 07
[    6.064100] vgaarb: setting as boot device: PCI:0000:00:02.0
[    6.097897] vgaarb: device added: PCI:0000:00:02.0,decodes=io+mem,owns=io+mem,locks=none
[    6.136558] vgaarb: loaded
[    6.143803] vgaarb: bridge control possible 0000:00:02.0
[    6.158066] SCSI subsystem initialized
[    6.201900] ACPI: bus type USB registered
[    6.202970] usbcore: registered new interface driver usbfs
[    6.216647] usbcore: registered new interface driver hub
[    6.251621] usbcore: registered new device driver usb
[    6.253321] PCI: Using ACPI for IRQ routing
[    6.268786] NetLabel: Initializing
[    6.275899] NetLabel:  domain hash size = 128
[    6.293420] NetLabel:  protocols = UNLABELED CIPSOv4
[    6.319685] NetLabel:  unlabeled traffic allowed by default
[    6.322811] amd_nb: Cannot enumerate AMD northbridges
[    6.331866] clocksource: Switched to clocksource kvm-clock
[    6.342580] AppArmor: AppArmor Filesystem Enabled
[    6.343877] pnpPnACPI init
[  6.466772] pnp: PnP ACPI: found 3 devices

[    6.545546] clocksource:cpi_pm: mask: 0xffffff max_cycle 0xffffff, max_idle_ns: 2085701024 ns
[    6.661280] NET: Registered protocofamily 2

[    6.749579] TCP established hash table entries: 16384 (order: 5, 131072 bytes)
[    6.760223] TCP bind hash table entries: 16384 (order: 6, 262144 bytes
[    6.826100] TCP: Hash tables configured (established 16384 bind 16384)[    6.888225] UDP hash table entries: 1024 (order: 332768ytes)
[    7.037679] UDP-Lite hash table entries: 1024 (order: 3, 32768 bytes)
[  7.0228] NET: Registered protocol family 1
[  7.159854] pci 0000:00:00.0: Limiting direct PCI/PCI transfers
[    7.219495] pci 0000:00:01.0:ctivating ISA DMA hang workarounds
[   .280274] Unpacking initramfs...

[    7.659418] Freeing initrd memory: 14800K
[    7.675294] platform rtc_cmos: registered platform RTC device (no PNP device found)
[    7.690299] Scanning for low memory corruption every 60 seconds
[    7.692931] audit: initializing netlink subsys (disabled)
[    7.719510] audit: type=2000 audit(1556028087.891:1): initialized
[    7.761455] Initialise system trusted keyring
[    7.763108] HugeTLB registered 2 MB page size, pre-allocated 0 pages
[    7.807991] zbud: loaded
[    7.831902] VFS: Disk quotas dquot_6.6.0
[    7.853288] VFS: Dquot-cache hash table entries: 512 (order 0, 4096 bytes)
[    7.873373] squashfs: version 4.0 (2009/01/31) Phillip Lougher
[    7.895634] fuse init (API version 7.23)
[    7.920427] Key type big_key registered
[    7.942729] Allocating IMA MOK and blacklist keyrings.
[    7.947455] Key type asymmetric registered
[    7.955988] Asymmetric key parser 'x509' registered
[    7.958696] Block layer SCSI generic (bsg) driver version 0.4 loaded (major 249)
[    7.989333] io scheduler noop registered
[    8.016857] io scheduler deadline registered (default)
[    8.032670] io scheduler cfq registered
[    8.074416] pci_hotplug: PCI Hot Plug PCI Core version: 0.5
[    8.095949] pciehp: PCI Express Hot Plug Controller Driver version: 0.4
[    8.125919] ACPI: AC Adapter [AC] (on-line)
[    8.128511] input: Power Button as /devices/LNXSYSTM:00/LNXPWRBN:00/input/input0
[    8.153344] ACPI: Power Button [PWRF]
[    8.159689] input: Sleep Button as /devices/LNXSYSTM:00/LNXSLPBN:00/input/input1
[    8.183653] ACPI: Sleep Button [SLPF]
[    8.185249] GHES: HEST isot enable

[    8.186017] ACPI:attery Slot [BAT0] (battery est)

[    8.507119] Serial: 8250/16550 driver, 32 ports, IRQ sharing enabled
[    8.531558] 00:02: ttyS0 at I/O 0x3f8 (irq = 4, base_baud = 115200) is a 16550A
[    8.542147] Linux agpgart interface v0.103
[    8.548116] loop: module loaded
[    8.581113] scsi host0: ata_piix
[    8.582728] scsi host1: ata_piix
[    8.584014] ata1: PATA max UDMA/33 cmd 0x1f0 ctl 0x3f6 bmdma 0xd000 irq 14
[    8.592683] ata2: PATA max UDMA/33 cmd 0x170 ctl 0x376 bmdma 0xd008 irq 15
[    8.616081] libphy: Fixed MDIO Bus: probed
[    8.624276] tun: Universal TUN/TAP device driver, 1.6
[    8.653611] tun: (C) 1999-2004 Max Krasnyansky <maxk@qualcomm.com>
[    8.672094] tsc: Refined TSC clocksource calibration: 2902.615 MHz
[    8.672097] clocksource: tsc: mask: 0xffffffffffffffff max_cycles: 0x29d6e97e0f2, max_idle_ns: 440795333359 ns
[    8.743487] PPP generic driver version 2.4.2
[    8.744764] ehci_hcd: USB 2.0 'Enhanced' Host Controller (EHCI) Driver
[    8.790260] ehci-pci: EHCI PCI platform driver
[    8.826407] ehci-platform: EHCI generic platform driver
[    8.850330] ohci_hcd: USB 1.1 'Open' Host Controller (OHCI) Driver
[    8.879321] ohci-pci: OHCI PCI platform driver
[    8.882650] ohci-platform: OHCI generic platform driver
[    8.906621] uhci_hcd: USB Universal Host Controller Interface driver
[    8.940379] i8042: PNP: PS/2 Controller [PNP0303:PS2K,PNP0f03:PS2M] at 0x60,0x64 irq 1,12
[    9.001009] serio: i8042 KBD port at 0x60,0x64 irq 1
[    9.016789] serio: i8042 AUX port at 0x60,0x64 irq 12
[    9.018135] mousedev: PS/2 mouse device common for all mice
[    9.073857] rtc_cmos rtc_cmos: rtc core: registered rtc_cmos as rtc0
[    9.105699] rtc_cmos rtc_cmos: alarms up to one day, 114 bytes nvram
[    9.115686] i2c /dev entries driver
[    9.145836] input: AT Translated Set 2 keyboard as /devices/platform/i8042/serio0/input/input2
[    9.154663] device-mapper: uevent: version 1.0.3
[    9.156444] device-mapper: ioctl: 4.34.0-ioctl (2015-10-28) initialised: dm-devel@redhat.com
[    9.166754] ledtrig-cpu: registered to indicate activity on CPUs
[    9.181875] NET: Registered protocol family 10
[    9.218856] NET: Registered protocol family 17
[    9.219999] Key type dns_resolver registered
[    9.237374] registered taskstats version 1
[    9.245122] Loading compiled-in X.509 certificates
[    9.258212] Loaded X.509 cert 'Build time autogenerated kernel key: bff73e56bc0efa7435b2a24f5427674623f1be80'
[    9.289692] zswap: loaded using pool lzo/zbud
[    9.312543] Key type trusted registered
[    9.319482] Key type encrypted registered
[    9.321173] AppArmor: AppArmor sha1 policy hashing enabled
[    9.323045] ima: No TPM chip found, activating TPM-bypass!
[    9.326077] ima: Allocated hash algorithm: sha1
[    9.327826] evm: HMAC attrs: 0x1
[    9.330369]   Magic number: 15:162:31
[    9.359153] rtc_cmos rtc_cmos: setting system clock to 2019-04-23 14:01:29 UTC (1556028089)
[    9.369972] BIOS EDD facility v0.16 2004-Jun-25, 0 devices found
[    9.397150] EDD information not available.
[    9.428767] Freeing unused kernel memory: 1484K
[    9.460682] Write protecting the kernel read-only data: 14336k
[    9.462629] Freeing unused kernel memory: 1624K
[    9.477526] Freeing unused kernel memory: 92K
Loading, please wait...
starting version[    9.495256] random: systemd-udevd: uninitialized urandom read (16 bytes read, 5 bits of entropy available)
 229
[    9.497897] random: udevadm: uninitialized urandom read (16 bytes read, 5 bits of entropy available)
[    9.497923] random: udevadm: uninitialized urandom read (16 bytes read, 5 bits of entropy available)
[    9.510999] random: udevadm: uninitialized urandom read (16 bytes read, 5 bits of entropy available)
[    9.511050] random: udevadm: uninitialized urandom read (16 bytes read, 5 bits of entropy available)
[    9.511208] random: udevadm: uninitialized urandom read (16 bytes read, 5 bits of entropy available)
[    9.511269] random: udevadm: uninitialized urandom read (16 bytes read, 5 bits of entropy available)
[    9.511326] random: udevadm: uninitialized urandom read (16 bytes read, 5 bits of entropy available)
[    9.511404] random: udevadm: uninitialized urandom read (16 bytes read, 5 bits of entropy available)
[    9.511466] random: udevadm: uninitialized urandom read (16 bytes read, 5 bits of entropy available)
[    9.810105] e1000: Intel(R) PRO/1000 Network Driver - version 7.3.21-k8-NAPI
[    9.837797] e1000: Copyright (c) 1999-2006 Intel Corporation.
[    9.837861] Fusion MPT base driver 3.04.20
[    9.837862] Copyright (c) 1999-2008 LSI Corporation
[    9.984531] Fusion MPT SPI Host driver 3.04.20
[    9.988609] mptbase: ioc0: Initiating bringup
[   10.030412] AVX2 version of gcm_enc/dec engaged.
[   10.050731] AES CTR mode by8 optimization enabled
[   10.084626] ioc0: LSI53C1030 A0: Capabilities={Initiator}
[   10.191287] input: ImExPS/2 Generic Explorer Mouse as /devices/platform/i8042/serio1/input/input4
[   10.274096] scsi host2: ioc0: LSI53C1030 A0, FwRev=00000000h, Ports=1, MaxQ=256, IRQ=20
[   10.388929] scsi 2:0:0:0: Direct-Access     VBOX     HARDDISK         1.0  PQ: 0 ANSI: 5
[   10.399585] scsi target2:0:0: Beginning Domain Validation
[   10.408955] scsi target2:0:0: Domain Validation skipping write tests
[   10.410328] scsi target2:0:0: Ending Domain Validation
[   10.413461] scsi target2:0:0: asynchronous
[   10.416715] scsi 2:0:1:0: Direct-Access     VBOX     HARDDISK         1.0  PQ: 0 ANSI: 5
[   10.418724] scsi target2:0:1: Beginning Domain Validation
[   10.441563] scsi target2:0:1: Domain Validation skipping write tests
[   10.486745] scsi target2:0:1: Ending Domain Validation
[   10.489484] scsi target2:0:1: asynchronous
[   10.516988] sd 2:0:0:0: Attached scsi generic sg0 type 0
[   10.520187] sd 2:0:1:0: Attached scsi generic sg1 type 0
[   10.526868] sd 2:0:0:0: [sda] 20971520 512-byte logical blocks: (10.7 GB/10.0 GiB)
[   10.528358] sd 2:0:1:0: [sdb] 20480 512-byte logical blocks: (10.5 MB/10.0 MiB)
[   10.533929] sd 2:0:1:0: [sdb] Write Protect is off
[   10.539258] sd 2:0:1:0: [sdb] Incomplete mode parameter data
[   10.539260] sd 2:0:1:0: [sdb] Assuming drive cache: write through
[   10.683571] sd 2:0:0:0: [sda] Write Protect is off
[   10.717808] sd 2:0:0:0: [sda] Incomplete mode parameter data
[   10.730279] sd 2:0:0:0: [sda] Assuming drive cache: write through
[   10.746435]  sda: sda1
[   10.747329] sd 2:0:1:0: [sdb] Attached SCSI disk
[   10.750534] sd 2:0:0:0: [sda] Attached SCSI disk
[   10.826233] e1000 0000:00:03.0 eth0: (PCI:33MHz:32-bit) 02:d2:eb:b6:4d:8b
[   10.854257] e1000 0000:00:03.0 eth0: Intel(R) PRO/1000 Network Connection
[   11.285602] e1000 0000:00:08.0 eth1: (PCI:33MHz:32-bit) 08:00:27:a6:c1:be
[   11.294604] e1000 0000:00:08.0 eth1: Intel(R) PRO/1000 Network Connection
[   11.318205] e1000 0000:00:03.0 enp0s3: renamed from eth0
[   11.356243] e1000 0000:00:08.0 enp0s8: renamed from eth1
Begin: Loading essential drivers ... [   12.846086] md: linear personality registered for level -1
[   12.869992] md: multipath personality registered for level -4
[   12.875110] md: raid0 personality registered for level 0
[   12.907666] md: raid1 personality registered for level 1
[   12.999998] raid6: sse2x1   gen()  6802 MB/s
[   13.067988] raid6: sse2x1   xor()  4569 MB/s
[   13.171904] raid6: sse2x2   gen()  9350 MB/s
[   13.256323] raid6: sse2x2   xor()  5967 MB/s
[   13.328129] raid6: sse2x4   gen()  9357 MB/s
[   13.412131] raid6: sse2x4   xor()  6457 MB/s
[   13.480591] raid6: avx2x1   gen() 14798 MB/s
[   13.564262] raid6: avx2x2   gen() 15520 MB/s
[   13.640629] raid6: avx2x4   gen() 17324 MB/s
[   13.641767] raid6: using algorithm avx2x4 gen() 17324 MB/s
[   13.643022] raid6: using avx2x2 recovery algorithm
[   13.645691] xor: automatically using best checksumming function:
[   13.692597]    avx       : 17792.000 MB/sec
[   13.708285] async_tx: api initialized (async)
[   13.721240] md: raid6 personality registered for level 6
[   13.729139] md: raid5 personality registered for level 5
[   13.738019] md: raid4 personality registered for level 4
[   13.748086] md: raid10 personality registered for level 10
done.
Begin: Running /scripts/init-premount ... done.
Begin: Mounting root file system ... Begin: Running /scripts/local-top ... done.
Begin: Running /scripts/local-premount ... [   13.790929] Btrfs loaded
Scanning for Btrfs filesystems
done.
Warning: fsck not present, so skipping root file[   13.831782] EXT4-fs (sda1): INFO: recovery required on readonly filesystem
 system
[   13.862721] EXT4-fs (sda1): write access will be enabled during recovery
[   13.942309] EXT4-fs (sda1): recovery complete
[   13.962923] EXT4-fs (sda1): mounted filesystem with ordered data mode. Opts: (null)
done.
Begin: Running /scripts/local-bottom ... done.
Begin: Running /scripts/init-bottom ... done.
[   14.863531] systemd[1]: systemd 229 running in system mode. (+PAM +AUDIT +SELINUX +IMA +APPARMOR +SMACK +SYSVINIT +UTMP +LIBCRYPTSETUP +GCRYPT +GNUTLS +ACL +XZ -LZ4 +SECCOMP +BLKID +ELFUTILS +KMOD -IDN)
[   14.920214] systemd[1]: Detected virtualization oracle.
[   14.956378] systemd[1]: Detected architecture x86-64.

Welcome to [1mUbuntu 16.04.6 LTS[0m!

[   15.036037] systemd[1]: Set hostname to <k8s-node-2>.
[   15.216317] systemd[1]: Configuration file /lib/systemd/system/kubelet.service is marked world-inaccessible. This has no effect as configuration data is accessible via APIs without restrictions. Proceeding anyway.
[   15.278050] systemd[1]: Configuration file /etc/systemd/system/kubelet.service.d/10-kubeadm.conf is marked world-inaccessible. This has no effect as configuration data is accessible via APIs without restrictions. Proceeding anyway.
[   15.302844] systemd[1]: Listening on LVM2 metadata daemon socket.
[[0;32m  OK  [0m] Listening on LVM2 metadata daemon socket.
[   15.305010] systemd[1]: Listening on LVM2 poll daemon socket.
[[0;32m  OK  [0m] Listening on LVM2 poll daemon socket.
[   15.307017] systemd[1]: Listening on Journal Socket.
[[0;32m  OK  [0m] Listening on Journal Socket.
[   15.330518] systemd[1]: Listening on Journal Socket (/dev/log).
[[0;32m  OK  [0m] Listening on Journal Socket (/dev/log).
[   15.338815] systemd[1]: Listening on udev Control Socket.
[[0;32m  OK  [0m] Listening on udev Control Socket.
[   15.356720] systemd[1]: Listening on Syslog Socket.
[[0;32m  OK  [0m] Listening on Syslog Socket.
[   15.387452] systemd[1]: Reached target Encrypted Volumes.
[[0;32m  OK  [0m] Reached target Encrypted Volumes.
[   15.405871] systemd[1]: Reached target Swap.
[[0;32m  OK  [0m] Reached target Swap.
[   15.424224] systemd[1]: Started Trigger resolvconf update for networkd DNS.
[[0;32m  OK  [0m] Started Trigger resolvconf update for networkd DNS.
[   15.461826] systemd[1]: Listening on /dev/initctl Compatibility Named Pipe.
[[0;32m  OK  [0m] Listening on /dev/initctl Compatibility Named Pipe.
[   15.612639] systemd[1]: Listening on Journal Audit Socket.
[[0;32m  OK  [0m] Listening on Journal Audit Socket.
[   15.667851] systemd[1]: Created slice User and Session Slice.
[[0;32m  OK  [0m] Created slice User and Session Slice.
[   15.720987] systemd[1]: Listening on udev Kernel Socket.
[[0;32m  OK  [0m] Listening on udev Kernel Socket.
[   15.820601] systemd[1]: Reached target User and Group Name Lookups.
[[0;32m  OK  [0m] Reached target User and Group Name Lookups.
[   15.901857] systemd[1]: Created slice System Slice.
[[0;32m  OK  [0m] Created slice System Slice.
[   15.973860] systemd[1]: Starting Set console keymap...
[   15.974827] random: nonblocking pool is initialized
         Starting Set console keymap...
[   16.040024] systemd[1]: Mounting POSIX Message Queue File System...
         Mounting POSIX Message Queue File System...
[   16.104788] systemd[1]: Created slice system-serial\x2dgetty.slice.
[[0;32m  OK  [0m] Created slice system-serial\x2dgetty.slice.
[   16.276292] systemd[1]: Starting Journal Service...
         Starting Journal Service...
[   16.340593] systemd[1]: Mounting Debug File System...
         Mounting Debug File System...
[   16.396281] systemd[1]: Starting Load Kernel Modules...
         Starting Load Kernel Modules...
[   16.404799] systemd[1]: Starting Create list of required static device nodes for the current kernel...
         Starting Create list of[   16.478971] Loading iSCSI transport class v2.0-870.
 required st... nodes for the current kernel...
[   16.500891] systemd[1]: Starting Uncomplicated firewall...
[   16.564048] iscsi: registered transport (tcp)
         Starting Uncomplicated [   16.599713] iscsi: registered transport (iser)
firewall...
[   16.624736] systemd[1]: Reached target Slices.
[[0;32m  OK  [0m] Reached target Slices.
[   16.672479] systemd[1]: Starting Nameserver information manager...
         Starting Nameserver information manager...
[   16.719655] systemd[1]: Started Forward Password Requests to Wall Directory Watch.
[[0;32m  OK  [0m] Started Forward Password Requests to Wall Directory Watch.
[   16.817231] systemd[1]: Set up automount Arbitrary Executable File Formats File System Automount Point.
[[0;32m  OK  [0m] Set up automount Arbitrary Executab...ats File System Automount Point.
[   16.936033] systemd[1]: Starting Remount Root and Kernel File Systems...
[   16.940252] EXT4-fs (sda1): re-mounted. Opts: (null)
         Starting Remount Root and Kernel File Systems...
[   17.044284] systemd[1]: Mounting Huge Pages File System...
         Mounting Huge Pages File System...
[   17.092235] systemd[1]: Listening on Device-mapper event daemon FIFOs.
[[0;32m  OK  [0m] Listening on Device-mapper event daemon FIFOs.
[   17.132174] systemd[1]: Starting Monitoring of LVM2 mirrors, snapshots etc. using dmeventd or progress polling...
         Starting Monitoring of LVM2 mirrors... dmeventd or progress polling...
[   17.282808] systemd[1]: Reached target System Time Synchronized.
[[0;32m  OK  [0m] Reached target System Time Synchronized.
[   17.429942] systemd[1]: Mounted Debug File System.
[[0;32m  OK  [0m] Mounted Debug File System.
[   17.452422] systemd[1]: Mounted POSIX Message Queue File System.
[[0;32m  OK  [0m] Mounted POSIX Message Queue File System.
[   17.524952] systemd[1]: Mounted Huge Pages File System.
[[0;32m  OK  [0m] Mounted Huge Pages File System.
[   17.597279] systemd[1]: Started Journal Service.
[[0;32m  OK  [0m] Started Journal Service.
[[0;32m  OK  [0m] Started Set console keymap.
[[0;32m  OK  [0m] Started Load Kernel Modules.
[[0;32m  OK  [0m] Started Create list of required sta...ce nodes for the current kernel.
[[0;32m  OK  [0m] Started Uncomplicated firewall.
[[0;32m  OK  [0m] Started Remount Root and Kernel File Systems.
[[0;32m  OK  [0m] Started Nameserver information manager.
[[0;32m  OK  [0m] Started LVM2 metadata daemon.
         Starting udev Coldplug all Devices...
         Starting Load/Save Random Seed...
         Starting Create Static Device Nodes in /dev...
         Starting Apply Kernel Variables...
         Mounting FUSE Control File System...
         Starting Flush Journal to Persistent Storage...
[[0;32m  OK  [0m] Mounted FUSE Control File System.
[[0;32m  OK  [0m] Started Monitoring of LVM2 mirrors,...ng dmeventd or progress polling.
[[0;32m  OK  [0m] Started Load/Save Random Seed.
[[0;32m  OK  [0m] Started Create Static Device Nodes in /dev.
[[0;32m  OK  [0m] Started Apply Kernel Variables.
[[0;32m  OK  [0m] Started udev Coldplug all Devices.
[[0;32m  OK  [0m] Started Flush Journal to Persistent Storage.
         Starting udev Kernel Device Manager...
[[0;32m  OK  [0m] Reached target Local File Systems (Pre).
[[0;32m  OK  [0m] Reached target Local File Systems.
         Starting Create Volatile Files and Directories...
         Starting Tell Plymouth To Write Out Runtime Data...
         Starting LSB: ebtables ruleset management...
         Starting Set console font and keymap...
         Starting LSB: AppArmor initialization...
         Starting Initial cloud-init job (pre-networking)...
[[0;32m  OK  [0m] Started udev Kernel Device Manager.
[[0;32m  OK  [0m] Started Create Volatile Files and Directories.
[[0;32m  OK  [0m] Started Tell Plymouth To Write Out Runtime Data.
[[0;32m  OK  [0m] Found device /dev/ttyS0.
         Starting Update UTMP about System Boot/Shutdown...
[[0;32m  OK  [0m] Started Dispatch Password Requests to Console Directory Watch.
[[0;32m  OK  [0m] Started LSB: ebtables ruleset management.
[[0;32m  OK  [0m] Started LSB: AppArmor initialization.
[[0;32m  OK  [0m] Started Update UTMP about System Boot/Shutdown.
[[0;32m  OK  [0m] Listening on Load/Save RF Kill Switch Status /dev/rfkill Watch.
[[0;32m  OK  [0m] Found device 82540EM Gigabit Ethern...r (PRO/1000 MT Desktop Adapter).
[[0;32m  OK  [0m] Found device 82540EM Gigabit Ethern...r (PRO/1000 MT Desktop Adapter).
[[0;32m  OK  [0m] Started Set console font and keymap.
[[0;32m  OK  [0m] Created slice system-getty.slice.
[   15.821970] cloud-init[523]: Cloud-init v. 18.5-21-g8ee294d5-0ubuntu1~16.04.1 running 'init-local' at Tue, 23 Apr 2019 14:01:41 +0000. Up 15.39 seconds.
[[0;32m  OK  [0m] Started Initial cloud-init job (pre-networking).
[[0;32m  OK  [0m] Reached target Network (Pre).
         Starting Raise network interfaces...
[[0;32m  OK  [0m] Started ifup for enp0s3.
[[0;32m  OK  [0m] Started ifup for enp0s8.
[[0;32m  OK  [0m] Started Raise network interfaces.
         Starting Initial cloud-init job (metadata service crawler)...
[[0;32m  OK  [0m] Reached target Network.
[   16.864876] cloud-init[1082]: Cloud-init v. 18.5-21-g8ee294d5-0ubuntu1~16.04.1 running 'init' at Tue, 23 Apr 2019 14:01:42 +0000. Up 16.60 seconds.
[   16.936607] [[0;32m  OK  [0m] Started Initial cloud-init job (metadata service crawler).
cloud-init[1082]: ci-info: ++++++++++++++++++++++++++++++++++++++Net device info+++++++++++++++++++++++++++++++++++++++
[   16.967201] [cloud-init[0;32m  OK  [0m[1082]: ] ci-info: +--------+------+-----------------------------+---------------+--------+-------------------+Reached target System Initialization.

[   16.967832] [[0;32m  OK  [0m] Listening on ACPID Listen Socket.
cloud-init[[0;32m  OK  [0m] Started Daily Cleanup of Temporary Directories.
[1082]: ci-info: | Device |  Up  |           Address           |      Mask     | Scope  |     Hw-Address    |
[   17.064691]          cloud-initStarting LXD - unix socket.[1082]: 
ci-info: +--------+------+-----------------------------+---------------+--------+-------------------+
[   17.111473] [cloud-init[0;32m  OK  [0m[1082]: ] ci-info: | enp0s3 | True |          10.0.2.15          | 255.255.255.0 | global | 02:d2:eb:b6:4d:8b |Listening on UUID daemon activation socket.

[   17.112071] cloud-init[1082]: ci-info: | enp0s3 | True |  fe80::d2:ebff:feb6:4d8b/64 |       .       |  link  | 02:d2:eb:b6:4d:8b |
[   17.300932] [cloud-init[0;32m  OK  [0m[1082]: ] ci-info: | enp0s8 | True |        192.168.205.12       | 255.255.255.0 | global | 08:00:27:a6:c1:be |Started ACPI Events Check.

[   17.461002] [cloud-init[0;32m  OK  [0m[1082]: ] ci-info: | enp0s8 | True | fe80::a00:27ff:fea6:c1be/64 |       .       |  link  | 08:00:27:a6:c1:be |Reached target Paths.

         Starting Socket activation for snappy daemon.
[[0;32m  OK  [0m] Listening on D-Bus System Message Bus Socket.
         Starting Docker Socket for the API.
[   17.461393] cloud-init[1082]: ci-info: |   lo   | True |          127.0.0.1          |   255.0.0.0   |  host  |         .         |
[   17.584797] cloud-init[1082]: ci-info: |   lo   | True |           ::1/128           |       .       |  host  |         .         |
[   17.592265] cloud-init[1082]: ci-info: +--------+------+-----------------------------+---------------+--------+-------------------+
[   17.635160] cloud-init[1082]: ci-info: ++++++++++++++++++++++++++++Route IPv4 info+++++++++++++++++++++++++++++
[   17.652256] cloud-init[1082]: ci-info: +-------+---------------+----------+---------------+-----------+-------+
[   17.701326] cloud-init[1082]: ci-info: | Route |  Destination  | Gateway  |    Genmask    | Interface | Flags |
[[0;32m  OK  [0m] Started Daily apt download activities.
[[0;32m  OK  [0m] Started Daily apt upgrade and clean activities.
[[0;32m  OK  [0m] Reached target Timers.
[[0;32m  OK  [0m] Reached target Cloud-config availability.
[[0;32m  OK  [0m] Reached target Network is Online.
[   17.734739] cloud-init[1082]: ci-info: +-------+---------------+----------+---------------+-----------+-------+
[   17.808434] cloud-init[1082]: ci-info: |   0   |    0.0.0.0    | 10.0.2.2 |    0.0.0.0    |   enp0s3  |   UG  |
         Starting iSCSI initiator daemon (iscsid)...
[[0;32m  OK  [0m] Listening on LXD - unix socket.
[[0;32m  OK  [0m] Listening on Socket activation for snappy daemon.
[[0;32m  OK  [0m] Listening on Docker Socket for the API.
[   17.820986] cloud-init[1082]: ci-info: |   1   |    10.0.2.0   | 0.0.0.0  | 255.255.255.0 |   enp0s3  |   U   |
[   17.858793] cloud-init[1082]: ci-info: |   2   | 192.168.205.0 | 0.0.0.0  | 255.255.255.0 |   enp0s8  |   U   |
[   17.872101] cloud-init[1082]: ci-info: +-------+---------------+----------+---------------+-----------+-------+
[   17.898433] [[0;32m  OK  [0m] Started iSCSI initiator daemon (iscsid).
cloud-init[1082]: ci-info: +++++++++++++++++++Route IPv6 info+++++++++++++++++++
[   17.940287]          Starting Login to default iSCSI targets...
cloud-init[[0;32m  OK  [0m] Reached target Sockets.
[1082]: ci-info: +-------+-------------+---------+-----------+-------+
[[0;32m  OK  [0m] Reached target Basic System.
[   17.970434] cloud-init[1082]: ci-info: | Route | Destination | Gateway | Interface | Flags |
[   18.055436]          Starting Login Service...
cloud-init[1082]: ci-info: +-------+-------------+---------+-----------+-------+
[   18.064234] cloud-init[1082]: ci-info: |   0   |  fe80::/64  |    ::   |   enp0s3  |   U   |
[   18.092417] [[0;32m  OK  [0m] Started D-Bus System Message Bus.
cloud-init[1082]: ci-info: |   1   |  fe80::/64  |    ::   |   enp0s8  |   U   |
[   18.100385]          Starting /etc/rc.local Compatibility...
cloud-init         Starting LXD - container startup/shutdown...
[1082]: ci-info: |   4   |   ff00::/8  |    ::   |   enp0s3  |   U   |
[[0;32m  OK  [0m] Started kubelet: The Kubernetes Node Agent.
[   18.139808] cloud-init[1082]: ci-info: |   5   |   ff00::/8  |    ::   |   enp0s8  |   U   |
[   18.177413]          Starting Snappy daemon...
cloud-init[1082]: ci-info: +-------+-------------+---------+-----------+-------+
         Starting Docker Application Container Engine...
[[0;32m  OK  [0m] Started FUSE filesystem for LXC.
[[0;32m  OK  [0m] Started Regular background program processing daemon.
         Starting LSB: MD monitoring daemon...
[[0;32m  OK  [0m] Started Deferred execution scheduler.
         Starting Accounts Service...
         Starting OpenBSD Secure Shell server...
[[0;32m  OK  [0m] Started Unattended Upgrades Shutdown.
[[0;32m  OK  [0m] Started ACPI event daemon.
         Starting System Logging Service...
         Starting Virtualbox guest utils...
         Starting LSB: Record successful boot for GRUB...
[[0;32m  OK  [0m] Started Snappy daemon.
[[0;32m  OK  [0m] Started System Logging Service.
[[0;32m  OK  [0m] Started /etc/rc.local Compatibility.
[[0;32m  OK  [0m] Started LXD - container startup/shutdown.
[[0;32m  OK  [0m] Started OpenBSD Secure Shell server.
[[0;32m  OK  [0m] Started Login to default iSCSI targets.
[[0;32m  OK  [0m] Started LSB: MD monitoring daemon.
[[0;32m  OK  [0m] Started LSB: Record successful boot for GRUB.
[[0;32m  OK  [0m] Started Virtualbox guest utils.
[[0;32m  OK  [0m] Started Login Service.
         Starting Authenticate and Authorize Users to Run Privileged Tasks...
[[0;32m  OK  [0m] Started Kubernetes systemd probe.
[[0;32m  OK  [0m] Reached target Remote File Systems (Pre).
[[0;32m  OK  [0m] Reached target Remote File Systems.
         Starting LSB: Set up cgroupfs mounts....
         Starting LSB: automatic crash report generation...
         Starting LSB: daemon to balance interrupts for SMP systems...
         Starting Permit User Sessions...
         Starting LSB: Set the CPU Frequency Scaling governor to "ondemand"...
         Starting Wait until snapd is fully seeded...
[[0;32m  OK  [0m] Started LSB: Set up cgroupfs mounts..
[[0;32m  OK  [0m] Started Permit User Sessions.
[[0;32m  OK  [0m] Started Wait until snapd is fully seeded.
[[0;32m  OK  [0m] Started Authenticate and Authorize Users to Run Privileged Tasks.
[[0;32m  OK  [0m] Started Accounts Service.
[[0;32m  OK  [0m] Started LSB: automatic crash report generation.
[[0;32m  OK  [0m] Started LSB: daemon to balance interrupts for SMP systems.
         Starting Apply the settings specified in cloud-config...
         Starting Terminate Plymouth Boot Screen...
         Starting Hold until boot process finishes up...
[[0;32m  OK  [0m] Started LSB: Set the CPU Frequency Scaling governor to "ondemand".
[[0;32m  OK  [0m] Started Terminate Plymouth Boot Screen.
[[0;32m  OK  [0m] Started Hold until boot process finishes up.
[[0;32m  OK  [0m] Started Getty on tty1.
         Starting Set console scheme...
[[0;32m  OK  [0m] Started Serial Getty on ttyS0.
[[0;32m  OK  [0m] Reached target Login Prompts.
[[0;32m  OK  [0m] Started Set console scheme.
[   20.037506] cloud-init[1339]: Cloud-init v. 18.5-21-g8ee294d5-0ubuntu1~16.04.1 running 'modules:config' at Tue, 23 Apr 2019 14:01:45 +0000. Up 19.90 seconds.
[[0;32m  OK  [0m] Started Apply the settings specified in cloud-config.
[[0;32m  OK  [0m] Started Docker Application Container Engine.
[[0;32m  OK  [0m] Reached target Multi-User System.
         Starting Execute cloud user/final scripts...
[[0;32m  OK  [0m] Reached target Graphical Interface.
         Starting Update UTMP about System Runlevel Changes...
[[0;32m  OK  [0m] Started Update UTMP about System Runlevel Changes.
[   21.166004] cloud-init[1531]: Cloud-init v. 18.5-21-g8ee294d5-0ubuntu1~16.04.1 running 'modules:final' at Tue, 23 Apr 2019 14:01:46 +0000. Up 21.03 seconds.
[   21.212222] cloud-init[1531]: Cloud-init v. 18.5-21-g8ee294d5-0ubuntu1~16.04.1 finished at Tue, 23 Apr 2019 14:01:46 +0000. Datasource DataSourceNoCloud [seed=/dev/sdb][dsmode=net].  Up 21.15 seconds
[[0;32m  OK  [0m] Started Execute cloud user/final scripts.
[[0;32m  OK  [0m] Reached target Cloud-init target.
         Starting Daily apt download activities...
[[0;32m  OK  [0m] Started Kubernetes transient mount ...~secret/calico-node-token-lp4z8.
[[0;32m  OK  [0m] Started Kubernetes transient mount ...o~secret/kube-proxy-token-6fh8l.
[[0;32m  OK  [0m] Created slice User Slice of vagrant.
         Starting User Manager for UID 1000...
[[0;32m  OK  [0m] Started Session 1 of user vagrant.
[[0;32m  OK  [0m] Started User Manager for UID 1000.

Ubuntu 16.04.6 LTS k8s-node-2 ttyS0

k8s-node-2 login: [[0;32m  OK  [0m] Started ACPI event daemon.
[[0;32m  OK  [0m] Started ACPI event daemon.
[[0;32m  OK  [0m] Started ACPI event daemon.
[  OK  ] Started ACPI event daemon.
[  OK  ] Started Trigger resolvconf update for networkd DNS.
[  OK  ] Started ACPI event daemon.
[  OK  ] Started ACPI event daemon.
[  OK  ] Stopped Auto import assertions from block devices.
[  OK  ] Stopped Automatically repair incorr...ner/permissions on core devices.
[  OK  ] Stopped Wait until snapd is fully seeded.
         Stopping Snappy daemon...
[  OK  ] Stopped Automatically fetch and run repair assertions.
[  OK  ] Stopped Snappy daemon.
[  OK  ] Stopped Timer to automatically fetch and run repair assertions.
[  OK  ] Closed Socket activation for snappy daemon.
[  OK  ] Stopped Ubuntu core (all-snaps) system shutdown helper setup service.
[  OK  ] Started ACPI event daemon.
[  OK  ] Started ACPI event daemon.
[  OK  ] Started ACPI event daemon.
[  OK  ] Started ACPI event daemon.
         Stopping udev Kernel Device Manager...
[  OK  ] Stopped udev Kernel Device Manager.
         Starting udev Kernel Device Manager...
[  OK  ] Started udev Kernel Device Manager.
[  OK  ] Started ACPI event daemon.
[  OK  ] Started ACPI event daemon.
         Starting Socket activation for snappy daemon.
[  OK  ] Listening on Socket activation for snappy daemon.
         Starting Wait until snapd is fully seeded...
         Starting Snappy daemon...
[  OK  ] Started Snappy daemon.
[  OK  ] Started Wait until snapd is fully seeded.
[  OK  ] Started Snappy daemon.
[  OK  ] Listening on Socket activation for snappy daemon.
[  OK  ] Started ACPI event daemon.
[  OK  ] Started ACPI event daemon.
         Stopping Authenticate and Authorize Users to Run Privileged Tasks...
[  OK  ] Stopped Authenticate and Authorize Users to Run Privileged Tasks.
         Starting Authenticate and Authorize Users to Run Privileged Tasks...
[  OK  ] Started Authenticate and Authorize Users to Run Privileged Tasks.
[  OK  ] Started Daily apt upgrade and clean activities.
thorize Users to Run Privileged Tasks...
[  OK  ] Started Authenticate and Authorize Users to Run Privileged Tasks.
[  OK  ] Started Daily apt upgrade and clean activities.
